[debug] [2022-11-29T09:56:23.136Z] ----------------------------------------------------------------------
[debug] [2022-11-29T09:56:23.141Z] Command:       C:\Program Files\nodejs\node.exe C:\Users\HDcomputer\AppData\Roaming\npm\node_modules\firebase-tools\lib\bin\firebase.js init
[debug] [2022-11-29T09:56:23.143Z] CLI Version:   11.16.1
[debug] [2022-11-29T09:56:23.143Z] Platform:      win32
[debug] [2022-11-29T09:56:23.143Z] Node Version:  v16.14.0
[debug] [2022-11-29T09:56:23.145Z] Time:          Tue Nov 29 2022 16:56:23 GMT+0700 (Indochina Time)
[debug] [2022-11-29T09:56:23.146Z] ----------------------------------------------------------------------
[debug] 
[debug] [2022-11-29T09:56:23.325Z] > command requires scopes: ["email","openid","https://www.googleapis.com/auth/cloudplatformprojects.readonly","https://www.googleapis.com/auth/firebase","https://www.googleapis.com/auth/cloud-platform"]
[debug] [2022-11-29T09:56:23.326Z] > authorizing via signed-in user (nguyentienmhieu@gmail.com)
[info] 
     ######## #### ########  ######## ########     ###     ######  ########
     ##        ##  ##     ## ##       ##     ##  ##   ##  ##       ##
     ######    ##  ########  ######   ########  #########  ######  ######
     ##        ##  ##    ##  ##       ##     ## ##     ##       ## ##
     ##       #### ##     ## ######## ########  ##     ##  ######  ########

You're about to initialize a Firebase project in this directory:

  D:\Reactjs\spotify

Before we get started, keep in mind:

  * You are initializing within an existing Firebase project directory

[info] 
=== Project Setup
[info] 
[info] First, let's associate this project directory with a Firebase project.
[info] You can create multiple project aliases by running firebase use --add, 
[info] but for now we'll just set up a default project.
[info] 
[debug] [2022-11-29T09:56:29.851Z] Using project from CLI flag: demo2-d2f24
[debug] [2022-11-29T09:56:29.858Z] >>> [apiv2][query] GET https://firebase.googleapis.com/v1beta1/projects/demo2-d2f24 [none]
[debug] [2022-11-29T09:56:30.417Z] <<< [apiv2][status] GET https://firebase.googleapis.com/v1beta1/projects/demo2-d2f24 200
[debug] [2022-11-29T09:56:30.417Z] <<< [apiv2][body] GET https://firebase.googleapis.com/v1beta1/projects/demo2-d2f24 {"projectId":"demo2-d2f24","projectNumber":"843753082043","displayName":"Demo2","name":"projects/demo2-d2f24","resources":{"hostingSite":"demo2-d2f24","realtimeDatabaseInstance":"demo2-d2f24-default-rtdb"},"state":"ACTIVE","etag":"1_f6eda68d-78f1-4b76-9fdf-13e5e1d2bbfb"}
[info] i  Using project demo2-d2f24 (Demo2) 
[info] 
=== Hosting Setup
[info] 
[info] Your public directory is the folder (relative to your project directory) that
[info] will contain Hosting assets to be uploaded with firebase deploy. If you
[info] have a build process for your assets, use your build's output directory.
[info] 
[debug] [2022-11-29T09:56:41.053Z] >>> [apiv2][query] GET https://www.gstatic.com/firebasejs/releases.json [none]
[debug] [2022-11-29T09:56:41.186Z] <<< [apiv2][status] GET https://www.gstatic.com/firebasejs/releases.json 200
[debug] [2022-11-29T09:56:41.186Z] <<< [apiv2][body] GET https://www.gstatic.com/firebasejs/releases.json {"current":{"version":"9.14.0","browserURL":"https://www.gstatic.com/firebasejs/9.14.0/firebase.js","packageURL":"https://www.gstatic.com/firebasejs/9.14.0/firebase.tgz"},"live":{"version":"9.14","browserURL":"https://www.gstatic.com/firebasejs/live/9.14/firebase.js","packageURL":"https://www.gstatic.com/firebasejs/live/9.14/firebase.tgz"},"components":{"analytics":"https://www.gstatic.com/firebasejs/9.14.0/firebase-analytics.js","app":"https://www.gstatic.com/firebasejs/9.14.0/firebase-app.js","app-check":"https://www.gstatic.com/firebasejs/9.14.0/firebase-app-check.js","auth":"https://www.gstatic.com/firebasejs/9.14.0/firebase-auth.js","auth/cordova":"https://www.gstatic.com/firebasejs/9.14.0/firebase-auth/cordova.js","auth/react-native":"https://www.gstatic.com/firebasejs/9.14.0/firebase-auth/react-native.js","functions":"https://www.gstatic.com/firebasejs/9.14.0/firebase-functions.js","firestore":"https://www.gstatic.com/firebasejs/9.14.0/firebase-firestore.js","firestore/lite":"https://www.gstatic.com/firebasejs/9.14.0/firebase-firestore/lite.js","installations":"https://www.gstatic.com/firebasejs/9.14.0/firebase-installations.js","storage":"https://www.gstatic.com/firebasejs/9.14.0/firebase-storage.js","performance":"https://www.gstatic.com/firebasejs/9.14.0/firebase-performance.js","remote-config":"https://www.gstatic.com/firebasejs/9.14.0/firebase-remote-config.js","messaging":"https://www.gstatic.com/firebasejs/9.14.0/firebase-messaging.js","messaging/sw":"https://www.gstatic.com/firebasejs/9.14.0/firebase-messaging/sw.js","database":"https://www.gstatic.com/firebasejs/9.14.0/firebase-database.js","firestore.memory":"https://www.gstatic.com/firebasejs/9.14.0/firebase-firestore.memory.js"}}
[debug] [2022-11-29T09:56:41.315Z] Error: ENOTDIR: not a directory, scandir 'D:\Reactjs\spotify\build'
    at Object.readdirSync (node:fs:1392:3)
    at Object.createFileSync (C:\Users\HDcomputer\AppData\Roaming\npm\node_modules\firebase-tools\node_modules\fs-extra\lib\ensure\file.js:55:10)
    at Config.writeProjectFile (C:\Users\HDcomputer\AppData\Roaming\npm\node_modules\firebase-tools\lib\config.js:152:12)
    at C:\Users\HDcomputer\AppData\Roaming\npm\node_modules\firebase-tools\lib\config.js:176:22
    at processTicksAndRejections (node:internal/process/task_queues:96:5)
    at async doSetup (C:\Users\HDcomputer\AppData\Roaming\npm\node_modules\firebase-tools\lib\init\features\hosting\index.js:133:9)
    at async init (C:\Users\HDcomputer\AppData\Roaming\npm\node_modules\firebase-tools\lib\init\index.js:36:9)
[error] 
[error] Error: An unexpected error has occurred.
